  App.cpp
  App_win.cpp
  Mem.cpp
  Mem_win.cpp
  Options.cpp
  Summary.cpp
  ApiState.cpp
C:\tmp\githubprojects\xmrig\src\3rdparty\rapidjson/prettywriter.h(225): warning C4390: ';' : une instruction contrôlée a été trouvée vide ; est-ce ce que vous souhaitiez ?
  C:\tmp\githubprojects\xmrig\src\3rdparty\rapidjson/prettywriter.h(190): note: pendant la compilation de la fonction membre '<Inconnu>' (classe <Inconnu>)
  C:\tmp\githubprojects\xmrig\src\3rdparty\rapidjson/prettywriter.h(144): note: voir la référence à l'instanciation de la fonction modèle 'void rapidjson::PrettyWriter<rapidjson::StringBuffer,rapidjson::UTF8<char>,rapidjson::UTF8<char>,rapidjson::CrtAllocator,0>::PrettyPrefix(rapidjson::Type)' en cours de compilation
  C:\tmp\githubprojects\xmrig\src\api\ApiState.cpp(128): note: voir la référence à l'instanciation de classe modèle 'rapidjson::PrettyWriter<rapidjson::StringBuffer,rapidjson::UTF8<char>,rapidjson::UTF8<char>,rapidjson::CrtAllocator,0>' en cours de compilation
  CryptoNight.cpp
  ConsoleLog.cpp
  Network.cpp
  DonateStrategy.cpp
  FailoverStrategy.cpp
  SinglePoolStrategy.cpp
  Hashrate.cpp
  Workers.cpp
  Génération de code en cours...
  libuv.lib(thread.obj) : .netmodule ou module MSIL compilé avec /GL trouvé ; redémarrage de l'édition de liens avec /LTCG ; ajoutez /LTCG à la ligne de commande de l'édition de liens pour améliorer les performances de l'Éditeur de liens
LINK : warning LNK4075: ' /INCREMENTAL' ignorÚ Ó cause de la spÚcification '/LTCG'
LINK : warning LNK4098: conflit entre la bibliothÞque par dÚfaut 'LIBCMT' et les autres bibliothÞquesá; utilisez /NODEFAULTLIB:library
  GÚnÚration de code en cours
  Fin de la gÚnÚration du code
libuv.lib(thread.obj) : warning LNK4099: PDB 'libuv.pdb' n'a pu Ûtre trouvÚ avec 'libuv.lib(thread.obj)' ou sur 'C:\tmp\githubprojects\xmrig\build\Debug\libuv.pdb'á; l'objet sera liÚ sans informations de dÚbogage
libuv.lib(util.obj) : warning LNK4099: PDB 'libuv.pdb' n'a pu Ûtre trouvÚ avec 'libuv.lib(util.obj)' ou sur 'C:\tmp\githubprojects\xmrig\build\Debug\libuv.pdb'á; l'objet sera liÚ sans informations de dÚbogage
libuv.lib(uv-common.obj) : warning LNK4099: PDB 'libuv.pdb' n'a pu Ûtre trouvÚ avec 'libuv.lib(uv-common.obj)' ou sur 'C:\tmp\githubprojects\xmrig\build\Debug\libuv.pdb'á; l'objet sera liÚ sans informations de dÚbogage
libuv.lib(core.obj) : warning LNK4099: PDB 'libuv.pdb' n'a pu Ûtre trouvÚ avec 'libuv.lib(core.obj)' ou sur 'C:\tmp\githubprojects\xmrig\build\Debug\libuv.pdb'á; l'objet sera liÚ sans informations de dÚbogage
libuv.lib(tty.obj) : warning LNK4099: PDB 'libuv.pdb' n'a pu Ûtre trouvÚ avec 'libuv.lib(tty.obj)' ou sur 'C:\tmp\githubprojects\xmrig\build\Debug\libuv.pdb'á; l'objet sera liÚ sans informations de dÚbogage
libuv.lib(signal.obj) : warning LNK4099: PDB 'libuv.pdb' n'a pu Ûtre trouvÚ avec 'libuv.lib(signal.obj)' ou sur 'C:\tmp\githubprojects\xmrig\build\Debug\libuv.pdb'á; l'objet sera liÚ sans informations de dÚbogage
libuv.lib(handle.obj) : warning LNK4099: PDB 'libuv.pdb' n'a pu Ûtre trouvÚ avec 'libuv.lib(handle.obj)' ou sur 'C:\tmp\githubprojects\xmrig\build\Debug\libuv.pdb'á; l'objet sera liÚ sans informations de dÚbogage
libuv.lib(stream.obj) : warning LNK4099: PDB 'libuv.pdb' n'a pu Ûtre trouvÚ avec 'libuv.lib(stream.obj)' ou sur 'C:\tmp\githubprojects\xmrig\build\Debug\libuv.pdb'á; l'objet sera liÚ sans informations de dÚbogage
libuv.lib(fs.obj) : warning LNK4099: PDB 'libuv.pdb' n'a pu Ûtre trouvÚ avec 'libuv.lib(fs.obj)' ou sur 'C:\tmp\githubprojects\xmrig\build\Debug\libuv.pdb'á; l'objet sera liÚ sans informations de dÚbogage
libuv.lib(tcp.obj) : warning LNK4099: PDB 'libuv.pdb' n'a pu Ûtre trouvÚ avec 'libuv.lib(tcp.obj)' ou sur 'C:\tmp\githubprojects\xmrig\build\Debug\libuv.pdb'á; l'objet sera liÚ sans informations de dÚbogage
libuv.lib(timer.obj) : warning LNK4099: PDB 'libuv.pdb' n'a pu Ûtre trouvÚ avec 'libuv.lib(timer.obj)' ou sur 'C:\tmp\githubprojects\xmrig\build\Debug\libuv.pdb'á; l'objet sera liÚ sans informations de dÚbogage
libuv.lib(getaddrinfo.obj) : warning LNK4099: PDB 'libuv.pdb' n'a pu Ûtre trouvÚ avec 'libuv.lib(getaddrinfo.obj)' ou sur 'C:\tmp\githubprojects\xmrig\build\Debug\libuv.pdb'á; l'objet sera liÚ sans informations de dÚbogage
libuv.lib(version.obj) : warning LNK4099: PDB 'libuv.pdb' n'a pu Ûtre trouvÚ avec 'libuv.lib(version.obj)' ou sur 'C:\tmp\githubprojects\xmrig\build\Debug\libuv.pdb'á; l'objet sera liÚ sans informations de dÚbogage
libuv.lib(async.obj) : warning LNK4099: PDB 'libuv.pdb' n'a pu Ûtre trouvÚ avec 'libuv.lib(async.obj)' ou sur 'C:\tmp\githubprojects\xmrig\build\Debug\libuv.pdb'á; l'objet sera liÚ sans informations de dÚbogage
libuv.lib(winapi.obj) : warning LNK4099: PDB 'libuv.pdb' n'a pu Ûtre trouvÚ avec 'libuv.lib(winapi.obj)' ou sur 'C:\tmp\githubprojects\xmrig\build\Debug\libuv.pdb'á; l'objet sera liÚ sans informations de dÚbogage
libuv.lib(error.obj) : warning LNK4099: PDB 'libuv.pdb' n'a pu Ûtre trouvÚ avec 'libuv.lib(error.obj)' ou sur 'C:\tmp\githubprojects\xmrig\build\Debug\libuv.pdb'á; l'objet sera liÚ sans informations de dÚbogage
libuv.lib(udp.obj) : warning LNK4099: PDB 'libuv.pdb' n'a pu Ûtre trouvÚ avec 'libuv.lib(udp.obj)' ou sur 'C:\tmp\githubprojects\xmrig\build\Debug\libuv.pdb'á; l'objet sera liÚ sans informations de dÚbogage
libuv.lib(inet.obj) : warning LNK4099: PDB 'libuv.pdb' n'a pu Ûtre trouvÚ avec 'libuv.lib(inet.obj)' ou sur 'C:\tmp\githubprojects\xmrig\build\Debug\libuv.pdb'á; l'objet sera liÚ sans informations de dÚbogage
libuv.lib(pipe.obj) : warning LNK4099: PDB 'libuv.pdb' n'a pu Ûtre trouvÚ avec 'libuv.lib(pipe.obj)' ou sur 'C:\tmp\githubprojects\xmrig\build\Debug\libuv.pdb'á; l'objet sera liÚ sans informations de dÚbogage
libuv.lib(poll.obj) : warning LNK4099: PDB 'libuv.pdb' n'a pu Ûtre trouvÚ avec 'libuv.lib(poll.obj)' ou sur 'C:\tmp\githubprojects\xmrig\build\Debug\libuv.pdb'á; l'objet sera liÚ sans informations de dÚbogage
libuv.lib(fs-event.obj) : warning LNK4099: PDB 'libuv.pdb' n'a pu Ûtre trouvÚ avec 'libuv.lib(fs-event.obj)' ou sur 'C:\tmp\githubprojects\xmrig\build\Debug\libuv.pdb'á; l'objet sera liÚ sans informations de dÚbogage
libuv.lib(threadpool.obj) : warning LNK4099: PDB 'libuv.pdb' n'a pu Ûtre trouvÚ avec 'libuv.lib(threadpool.obj)' ou sur 'C:\tmp\githubprojects\xmrig\build\Debug\libuv.pdb'á; l'objet sera liÚ sans informations de dÚbogage
libuv.lib(detect-wakeup.obj) : warning LNK4099: PDB 'libuv.pdb' n'a pu Ûtre trouvÚ avec 'libuv.lib(detect-wakeup.obj)' ou sur 'C:\tmp\githubprojects\xmrig\build\Debug\libuv.pdb'á; l'objet sera liÚ sans informations de dÚbogage
libuv.lib(winsock.obj) : warning LNK4099: PDB 'libuv.pdb' n'a pu Ûtre trouvÚ avec 'libuv.lib(winsock.obj)' ou sur 'C:\tmp\githubprojects\xmrig\build\Debug\libuv.pdb'á; l'objet sera liÚ sans informations de dÚbogage
libuv.lib(loop-watcher.obj) : warning LNK4099: PDB 'libuv.pdb' n'a pu Ûtre trouvÚ avec 'libuv.lib(loop-watcher.obj)' ou sur 'C:\tmp\githubprojects\xmrig\build\Debug\libuv.pdb'á; l'objet sera liÚ sans informations de dÚbogage
libuv.lib(fs-poll.obj) : warning LNK4099: PDB 'libuv.pdb' n'a pu Ûtre trouvÚ avec 'libuv.lib(fs-poll.obj)' ou sur 'C:\tmp\githubprojects\xmrig\build\Debug\libuv.pdb'á; l'objet sera liÚ sans informations de dÚbogage
libuv.lib(process.obj) : warning LNK4099: PDB 'libuv.pdb' n'a pu Ûtre trouvÚ avec 'libuv.lib(process.obj)' ou sur 'C:\tmp\githubprojects\xmrig\build\Debug\libuv.pdb'á; l'objet sera liÚ sans informations de dÚbogage
libuv.lib(process-stdio.obj) : warning LNK4099: PDB 'libuv.pdb' n'a pu Ûtre trouvÚ avec 'libuv.lib(process-stdio.obj)' ou sur 'C:\tmp\githubprojects\xmrig\build\Debug\libuv.pdb'á; l'objet sera liÚ sans informations de dÚbogage
libmicrohttpd.lib(daemon.obj) : warning LNK4099: PDB 'libmicrohttpd.pdb' n'a pu Ûtre trouvÚ avec 'libmicrohttpd.lib(daemon.obj)' ou sur 'C:\tmp\githubprojects\xmrig\build\Debug\libmicrohttpd.pdb'á; l'objet sera liÚ sans informations de dÚbogage
libmicrohttpd.lib(connection.obj) : warning LNK4099: PDB 'libmicrohttpd.pdb' n'a pu Ûtre trouvÚ avec 'libmicrohttpd.lib(connection.obj)' ou sur 'C:\tmp\githubprojects\xmrig\build\Debug\libmicrohttpd.pdb'á; l'objet sera liÚ sans informations de dÚbogage
libmicrohttpd.lib(response.obj) : warning LNK4099: PDB 'libmicrohttpd.pdb' n'a pu Ûtre trouvÚ avec 'libmicrohttpd.lib(response.obj)' ou sur 'C:\tmp\githubprojects\xmrig\build\Debug\libmicrohttpd.pdb'á; l'objet sera liÚ sans informations de dÚbogage
libmicrohttpd.lib(tsearch.obj) : warning LNK4099: PDB 'libmicrohttpd.pdb' n'a pu Ûtre trouvÚ avec 'libmicrohttpd.lib(tsearch.obj)' ou sur 'C:\tmp\githubprojects\xmrig\build\Debug\libmicrohttpd.pdb'á; l'objet sera liÚ sans informations de dÚbogage
libmicrohttpd.lib(mhd_sockets.obj) : warning LNK4099: PDB 'libmicrohttpd.pdb' n'a pu Ûtre trouvÚ avec 'libmicrohttpd.lib(mhd_sockets.obj)' ou sur 'C:\tmp\githubprojects\xmrig\build\Debug\libmicrohttpd.pdb'á; l'objet sera liÚ sans informations de dÚbogage
libmicrohttpd.lib(sysfdsetsize.obj) : warning LNK4099: PDB 'libmicrohttpd.pdb' n'a pu Ûtre trouvÚ avec 'libmicrohttpd.lib(sysfdsetsize.obj)' ou sur 'C:\tmp\githubprojects\xmrig\build\Debug\libmicrohttpd.pdb'á; l'objet sera liÚ sans informations de dÚbogage
libmicrohttpd.lib(mhd_mono_clock.obj) : warning LNK4099: PDB 'libmicrohttpd.pdb' n'a pu Ûtre trouvÚ avec 'libmicrohttpd.lib(mhd_mono_clock.obj)' ou sur 'C:\tmp\githubprojects\xmrig\build\Debug\libmicrohttpd.pdb'á; l'objet sera liÚ sans informations de dÚbogage
libmicrohttpd.lib(memorypool.obj) : warning LNK4099: PDB 'libmicrohttpd.pdb' n'a pu Ûtre trouvÚ avec 'libmicrohttpd.lib(memorypool.obj)' ou sur 'C:\tmp\githubprojects\xmrig\build\Debug\libmicrohttpd.pdb'á; l'objet sera liÚ sans informations de dÚbogage
libmicrohttpd.lib(internal.obj) : warning LNK4099: PDB 'libmicrohttpd.pdb' n'a pu Ûtre trouvÚ avec 'libmicrohttpd.lib(internal.obj)' ou sur 'C:\tmp\githubprojects\xmrig\build\Debug\libmicrohttpd.pdb'á; l'objet sera liÚ sans informations de dÚbogage
libmicrohttpd.lib(mhd_threads.obj) : warning LNK4099: PDB 'libmicrohttpd.pdb' n'a pu Ûtre trouvÚ avec 'libmicrohttpd.lib(mhd_threads.obj)' ou sur 'C:\tmp\githubprojects\xmrig\build\Debug\libmicrohttpd.pdb'á; l'objet sera liÚ sans informations de dÚbogage
libmicrohttpd.lib(mhd_str.obj) : warning LNK4099: PDB 'libmicrohttpd.pdb' n'a pu Ûtre trouvÚ avec 'libmicrohttpd.lib(mhd_str.obj)' ou sur 'C:\tmp\githubprojects\xmrig\build\Debug\libmicrohttpd.pdb'á; l'objet sera liÚ sans informations de dÚbogage
libmicrohttpd.lib(reason_phrase.obj) : warning LNK4099: PDB 'libmicrohttpd.pdb' n'a pu Ûtre trouvÚ avec 'libmicrohttpd.lib(reason_phrase.obj)' ou sur 'C:\tmp\githubprojects\xmrig\build\Debug\libmicrohttpd.pdb'á; l'objet sera liÚ sans informations de dÚbogage
  xmrig.vcxproj -> C:\tmp\githubprojects\xmrig\build\Debug\xmrig.exe
