c:\tmp\githubprojects\xmrig\build\xmrig.dir\release\summary.obj
c:\tmp\githubprojects\xmrig\build\xmrig.dir\release\platform.obj
c:\tmp\githubprojects\xmrig\build\xmrig.dir\release\options.obj
c:\tmp\githubprojects\xmrig\build\xmrig.dir\release\url.obj
c:\tmp\githubprojects\xmrig\build\xmrig.dir\release\submitresult.obj
c:\tmp\githubprojects\xmrig\build\xmrig.dir\release\singlepoolstrategy.obj
c:\tmp\githubprojects\xmrig\build\xmrig.dir\release\failoverstrategy.obj
c:\tmp\githubprojects\xmrig\build\xmrig.dir\release\donatestrategy.obj
c:\tmp\githubprojects\xmrig\build\xmrig.dir\release\network.obj
c:\tmp\githubprojects\xmrig\build\xmrig.dir\release\job.obj
c:\tmp\githubprojects\xmrig\build\xmrig.dir\release\client.obj
c:\tmp\githubprojects\xmrig\build\xmrig.dir\release\mem.obj
c:\tmp\githubprojects\xmrig\build\xmrig.dir\release\log.obj
c:\tmp\githubprojects\xmrig\build\xmrig.dir\release\filelog.obj
c:\tmp\githubprojects\xmrig\build\xmrig.dir\release\consolelog.obj
c:\tmp\githubprojects\xmrig\build\xmrig.dir\release\console.obj
c:\tmp\githubprojects\xmrig\build\xmrig.dir\release\app.obj
c:\tmp\githubprojects\xmrig\build\xmrig.dir\release\networkstate.obj
c:\tmp\githubprojects\xmrig\build\xmrig.dir\release\apistate.obj
c:\tmp\githubprojects\xmrig\build\xmrig.dir\release\api.obj
c:\tmp\githubprojects\xmrig\build\xmrig.dir\release\httpd.obj
c:\tmp\githubprojects\xmrig\build\xmrig.dir\release\cryptonight.obj
c:\tmp\githubprojects\xmrig\build\xmrig.dir\release\cpu.obj
c:\tmp\githubprojects\xmrig\build\xmrig.dir\release\platform_win.obj
c:\tmp\githubprojects\xmrig\build\xmrig.dir\release\mem_win.obj
c:\tmp\githubprojects\xmrig\build\xmrig.dir\release\cpu_win.obj
c:\tmp\githubprojects\xmrig\build\xmrig.dir\release\app_win.obj
c:\tmp\githubprojects\xmrig\build\xmrig.dir\release\xmrig.obj
c:\tmp\githubprojects\xmrig\build\xmrig.dir\release\workers.obj
c:\tmp\githubprojects\xmrig\build\xmrig.dir\release\worker.obj
c:\tmp\githubprojects\xmrig\build\xmrig.dir\release\singleworker.obj
c:\tmp\githubprojects\xmrig\build\xmrig.dir\release\hashrate.obj
c:\tmp\githubprojects\xmrig\build\xmrig.dir\release\handle.obj
c:\tmp\githubprojects\xmrig\build\xmrig.dir\release\doubleworker.obj
c:\tmp\githubprojects\xmrig\build\xmrig.dir\release\c_skein.obj
c:\tmp\githubprojects\xmrig\build\xmrig.dir\release\c_jh.obj
c:\tmp\githubprojects\xmrig\build\xmrig.dir\release\c_blake256.obj
c:\tmp\githubprojects\xmrig\build\xmrig.dir\release\c_groestl.obj
c:\tmp\githubprojects\xmrig\build\xmrig.dir\release\c_keccak.obj
c:\tmp\githubprojects\xmrig\build\cmakefiles\generate.stamp
c:\tmp\githubprojects\xmrig\build\release\xmrig.exe
c:\tmp\githubprojects\xmrig\build\xmrig.dir\release\app.res
c:\tmp\githubprojects\xmrig\build\xmrig.dir\release\xmrig.tlog\cl.command.1.tlog
c:\tmp\githubprojects\xmrig\build\xmrig.dir\release\xmrig.tlog\cl.read.1.tlog
c:\tmp\githubprojects\xmrig\build\xmrig.dir\release\xmrig.tlog\cl.write.1.tlog
c:\tmp\githubprojects\xmrig\build\xmrig.dir\release\xmrig.tlog\custombuild.command.1.tlog
c:\tmp\githubprojects\xmrig\build\xmrig.dir\release\xmrig.tlog\custombuild.read.1.tlog
c:\tmp\githubprojects\xmrig\build\xmrig.dir\release\xmrig.tlog\custombuild.write.1.tlog
c:\tmp\githubprojects\xmrig\build\xmrig.dir\release\xmrig.tlog\link.command.1.tlog
c:\tmp\githubprojects\xmrig\build\xmrig.dir\release\xmrig.tlog\link.read.1.tlog
c:\tmp\githubprojects\xmrig\build\xmrig.dir\release\xmrig.tlog\link.write.1.tlog
c:\tmp\githubprojects\xmrig\build\xmrig.dir\release\xmrig.tlog\rc.command.1.tlog
c:\tmp\githubprojects\xmrig\build\xmrig.dir\release\xmrig.tlog\rc.read.1.tlog
c:\tmp\githubprojects\xmrig\build\xmrig.dir\release\xmrig.tlog\rc.write.1.tlog
