  Building Custom Rule C:/tmp/githubprojects/xmrig/CMakeLists.txt
  CMake does not need to re-run because C:/tmp/githubprojects/xmrig/build/CMakeFiles/generate.stamp is up-to-date.
  Api.cpp
  ApiState.cpp
C:\tmp\githubprojects\xmrig\src\3rdparty\rapidjson/prettywriter.h(225): warning C4390: ';' : une instruction contrôlée a été trouvée vide ; est-ce ce que vous souhaitiez ?
  C:\tmp\githubprojects\xmrig\src\3rdparty\rapidjson/prettywriter.h(190): note: pendant la compilation de la fonction membre '<Inconnu>' (classe <Inconnu>)
  C:\tmp\githubprojects\xmrig\src\3rdparty\rapidjson/prettywriter.h(144): note: voir la référence à l'instanciation de la fonction modèle 'void rapidjson::PrettyWriter<rapidjson::StringBuffer,rapidjson::UTF8<char>,rapidjson::UTF8<char>,rapidjson::CrtAllocator,0>::PrettyPrefix(rapidjson::Type)' en cours de compilation
  C:\tmp\githubprojects\xmrig\src\api\ApiState.cpp(128): note: voir la référence à l'instanciation de classe modèle 'rapidjson::PrettyWriter<rapidjson::StringBuffer,rapidjson::UTF8<char>,rapidjson::UTF8<char>,rapidjson::CrtAllocator,0>' en cours de compilation
  NetworkState.cpp
C:\tmp\githubprojects\xmrig\src\api\NetworkState.cpp(49): warning C4244: 'return' : conversion de 'uint64_t' en 'int', perte possible de données
C:\tmp\githubprojects\xmrig\src\api\NetworkState.cpp(59): warning C4267: 'return' : conversion de 'size_t' en 'uint32_t', perte possible de données
  App.cpp
  Console.cpp
  ConsoleLog.cpp
  FileLog.cpp
  Log.cpp
  Mem.cpp
  Client.cpp
C:\tmp\githubprojects\xmrig\src\net\Client.cpp(535): warning C4267: '=' : conversion de 'size_t' en 'ULONG', perte possible de données
C:\tmp\githubprojects\xmrig\src\3rdparty\rapidjson/writer.h(448): warning C4390: ';' : une instruction contrôlée a été trouvée vide ; est-ce ce que vous souhaitiez ?
  C:\tmp\githubprojects\xmrig\src\3rdparty\rapidjson/writer.h(437): note: pendant la compilation de la fonction membre '<Inconnu>' (classe <Inconnu>)
  C:\tmp\githubprojects\xmrig\src\3rdparty\rapidjson/writer.h(221): note: voir la référence à l'instanciation de la fonction modèle 'void rapidjson::Writer<rapidjson::StringBuffer,rapidjson::UTF8<char>,rapidjson::UTF8<char>,rapidjson::CrtAllocator,0>::Prefix(rapidjson::Type)' en cours de compilation
  C:\tmp\githubprojects\xmrig\src\3rdparty\rapidjson/writer.h(478): note: voir la référence à l'instanciation de classe modèle 'rapidjson::Writer<rapidjson::StringBuffer,rapidjson::UTF8<char>,rapidjson::UTF8<char>,rapidjson::CrtAllocator,0>' en cours de compilation
  Job.cpp
  Network.cpp
  DonateStrategy.cpp
  FailoverStrategy.cpp
  SinglePoolStrategy.cpp
  SubmitResult.cpp
  Url.cpp
  Options.cpp
  Platform.cpp
  Summary.cpp
  Compilation en cours...
  DoubleWorker.cpp
  Handle.cpp
  Hashrate.cpp
  SingleWorker.cpp
  Worker.cpp
  Workers.cpp
  xmrig.cpp
  App_win.cpp
  Cpu_win.cpp
  Mem_win.cpp
  Platform_win.cpp
  Cpu.cpp
  CryptoNight.cpp
  Httpd.cpp
  c_keccak.c
  c_groestl.c
  c_blake256.c
  c_jh.c
  c_skein.c
  Api.obj : .netmodule ou module MSIL compilé avec /GL trouvé ; redémarrage de l'édition de liens avec /LTCG ; ajoutez /LTCG à la ligne de commande de l'édition de liens pour améliorer les performances de l'Éditeur de liens
  GÚnÚration de code en cours
  Fin de la gÚnÚration du code
  xmrig.vcxproj -> C:\tmp\githubprojects\xmrig\build\Release\xmrig.exe
